<?xml version="1.0" encoding="UTF-8"?>
<!-- Generated by org.testng.reporters.JUnitReportReporter -->
<testsuite hostname="DESKTOP-I1CRM1S" name="Project.NewMaven.login" tests="2" failures="0" timestamp="2 Dec 2020 02:32:38 GMT" time="0.014" errors="0">
  <testcase name="verify" time="0.001" classname="Project.NewMaven.login"/>
  <testcase name="logout" time="0.013" classname="Project.NewMaven.login"/>
</testsuite> <!-- Project.NewMaven.login -->
